{"C:\\Users\\yatom\\OneDrive\\Área de Trabalho\\Alura-rest\\src\\app.js": {"path":"C:\\Users\\yatom\\OneDrive\\Área de Trabalho\\Alura-rest\\src\\app.js","statementMap":{"0":{"start":{"line":7,"column":0},"end":{"line":7,"column":61}},"1":{"start":{"line":8,"column":0},"end":{"line":10,"column":3}},"2":{"start":{"line":9,"column":2},"end":{"line":9,"column":55}},"3":{"start":{"line":12,"column":12},"end":{"line":12,"column":21}},"4":{"start":{"line":13,"column":0},"end":{"line":13,"column":24}},"5":{"start":{"line":14,"column":0},"end":{"line":14,"column":12}},"6":{"start":{"line":16,"column":0},"end":{"line":16,"column":24}},"7":{"start":{"line":18,"column":0},"end":{"line":18,"column":28}}},"fnMap":{"0":{"name":"(anonymous_0)","decl":{"start":{"line":8,"column":16},"end":{"line":8,"column":17}},"loc":{"start":{"line":8,"column":22},"end":{"line":10,"column":1}},"line":8}},"branchMap":{},"s":{"0":1,"1":1,"2":1,"3":1,"4":1,"5":1,"6":1,"7":1},"f":{"0":1},"b":{},"_coverageSchema":"1a1c01bbd47fc00a2c39e90264f33305004495a9","hash":"e0ea6a8cb87a16cb834132a4f8f9a5d22cc0b034"}
,"C:\\Users\\yatom\\OneDrive\\Área de Trabalho\\Alura-rest\\src\\config\\dbConnect.js": {"path":"C:\\Users\\yatom\\OneDrive\\Área de Trabalho\\Alura-rest\\src\\config\\dbConnect.js","statementMap":{"0":{"start":{"line":4,"column":0},"end":{"line":6,"column":2}},"1":{"start":{"line":8,"column":9},"end":{"line":8,"column":28}}},"fnMap":{},"branchMap":{},"s":{"0":1,"1":1},"f":{},"b":{},"_coverageSchema":"1a1c01bbd47fc00a2c39e90264f33305004495a9","hash":"fd7f9b7bc4d14ed2f3431e6300bbce7ed3282557"}
,"C:\\Users\\yatom\\OneDrive\\Área de Trabalho\\Alura-rest\\src\\controllers\\autoresController.js": {"path":"C:\\Users\\yatom\\OneDrive\\Área de Trabalho\\Alura-rest\\src\\controllers\\autoresController.js","statementMap":{"0":{"start":{"line":5,"column":25},"end":{"line":15,"column":3}},"1":{"start":{"line":6,"column":4},"end":{"line":14,"column":5}},"2":{"start":{"line":7,"column":31},"end":{"line":7,"column":45}},"3":{"start":{"line":9,"column":6},"end":{"line":9,"column":39}},"4":{"start":{"line":11,"column":6},"end":{"line":11,"column":13}},"5":{"start":{"line":13,"column":6},"end":{"line":13,"column":17}},"6":{"start":{"line":17,"column":28},"end":{"line":31,"column":3}},"7":{"start":{"line":18,"column":4},"end":{"line":30,"column":5}},"8":{"start":{"line":19,"column":17},"end":{"line":19,"column":30}},"9":{"start":{"line":21,"column":30},"end":{"line":21,"column":56}},"10":{"start":{"line":23,"column":6},"end":{"line":27,"column":7}},"11":{"start":{"line":24,"column":8},"end":{"line":24,"column":46}},"12":{"start":{"line":26,"column":8},"end":{"line":26,"column":56}},"13":{"start":{"line":29,"column":6},"end":{"line":29,"column":17}},"14":{"start":{"line":33,"column":26},"end":{"line":43,"column":3}},"15":{"start":{"line":34,"column":4},"end":{"line":42,"column":5}},"16":{"start":{"line":35,"column":18},"end":{"line":35,"column":39}},"17":{"start":{"line":37,"column":29},"end":{"line":37,"column":47}},"18":{"start":{"line":39,"column":6},"end":{"line":39,"column":52}},"19":{"start":{"line":41,"column":6},"end":{"line":41,"column":17}},"20":{"start":{"line":45,"column":26},"end":{"line":61,"column":3}},"21":{"start":{"line":46,"column":4},"end":{"line":60,"column":5}},"22":{"start":{"line":47,"column":17},"end":{"line":47,"column":30}},"23":{"start":{"line":49,"column":29},"end":{"line":51,"column":8}},"24":{"start":{"line":53,"column":6},"end":{"line":57,"column":7}},"25":{"start":{"line":54,"column":8},"end":{"line":54,"column":54}},"26":{"start":{"line":56,"column":8},"end":{"line":56,"column":56}},"27":{"start":{"line":59,"column":6},"end":{"line":59,"column":17}},"28":{"start":{"line":63,"column":24},"end":{"line":77,"column":3}},"29":{"start":{"line":64,"column":4},"end":{"line":76,"column":5}},"30":{"start":{"line":65,"column":17},"end":{"line":65,"column":30}},"31":{"start":{"line":67,"column":29},"end":{"line":67,"column":64}},"32":{"start":{"line":69,"column":6},"end":{"line":73,"column":7}},"33":{"start":{"line":70,"column":8},"end":{"line":70,"column":72}},"34":{"start":{"line":72,"column":8},"end":{"line":72,"column":56}},"35":{"start":{"line":75,"column":6},"end":{"line":75,"column":17}}},"fnMap":{"0":{"name":"(anonymous_0)","decl":{"start":{"line":5,"column":25},"end":{"line":5,"column":26}},"loc":{"start":{"line":5,"column":51},"end":{"line":15,"column":3}},"line":5},"1":{"name":"(anonymous_1)","decl":{"start":{"line":17,"column":28},"end":{"line":17,"column":29}},"loc":{"start":{"line":17,"column":54},"end":{"line":31,"column":3}},"line":17},"2":{"name":"(anonymous_2)","decl":{"start":{"line":33,"column":26},"end":{"line":33,"column":27}},"loc":{"start":{"line":33,"column":52},"end":{"line":43,"column":3}},"line":33},"3":{"name":"(anonymous_3)","decl":{"start":{"line":45,"column":26},"end":{"line":45,"column":27}},"loc":{"start":{"line":45,"column":52},"end":{"line":61,"column":3}},"line":45},"4":{"name":"(anonymous_4)","decl":{"start":{"line":63,"column":24},"end":{"line":63,"column":25}},"loc":{"start":{"line":63,"column":50},"end":{"line":77,"column":3}},"line":63}},"branchMap":{"0":{"loc":{"start":{"line":23,"column":6},"end":{"line":27,"column":7}},"type":"if","locations":[{"start":{"line":23,"column":6},"end":{"line":27,"column":7}},{"start":{"line":25,"column":13},"end":{"line":27,"column":7}}],"line":23},"1":{"loc":{"start":{"line":53,"column":6},"end":{"line":57,"column":7}},"type":"if","locations":[{"start":{"line":53,"column":6},"end":{"line":57,"column":7}},{"start":{"line":55,"column":13},"end":{"line":57,"column":7}}],"line":53},"2":{"loc":{"start":{"line":69,"column":6},"end":{"line":73,"column":7}},"type":"if","locations":[{"start":{"line":69,"column":6},"end":{"line":73,"column":7}},{"start":{"line":71,"column":13},"end":{"line":73,"column":7}}],"line":69}},"s":{"0":1,"1":1,"2":1,"3":1,"4":1,"5":0,"6":1,"7":0,"8":0,"9":0,"10":0,"11":0,"12":0,"13":0,"14":1,"15":0,"16":0,"17":0,"18":0,"19":0,"20":1,"21":0,"22":0,"23":0,"24":0,"25":0,"26":0,"27":0,"28":1,"29":0,"30":0,"31":0,"32":0,"33":0,"34":0,"35":0},"f":{"0":1,"1":0,"2":0,"3":0,"4":0},"b":{"0":[0,0],"1":[0,0],"2":[0,0]},"_coverageSchema":"1a1c01bbd47fc00a2c39e90264f33305004495a9","hash":"ea5bd9baf4005f63615ab68c0759b7ba3d0b58a7"}
,"C:\\Users\\yatom\\OneDrive\\Área de Trabalho\\Alura-rest\\src\\controllers\\livrosController.js": {"path":"C:\\Users\\yatom\\OneDrive\\Área de Trabalho\\Alura-rest\\src\\controllers\\livrosController.js","statementMap":{"0":{"start":{"line":5,"column":24},"end":{"line":14,"column":3}},"1":{"start":{"line":6,"column":4},"end":{"line":13,"column":5}},"2":{"start":{"line":7,"column":26},"end":{"line":7,"column":39}},"3":{"start":{"line":9,"column":6},"end":{"line":9,"column":34}},"4":{"start":{"line":10,"column":6},"end":{"line":10,"column":13}},"5":{"start":{"line":12,"column":6},"end":{"line":12,"column":17}},"6":{"start":{"line":16,"column":28},"end":{"line":33,"column":3}},"7":{"start":{"line":17,"column":4},"end":{"line":32,"column":5}},"8":{"start":{"line":18,"column":17},"end":{"line":18,"column":30}},"9":{"start":{"line":20,"column":31},"end":{"line":23,"column":15}},"10":{"start":{"line":25,"column":6},"end":{"line":29,"column":7}},"11":{"start":{"line":26,"column":8},"end":{"line":26,"column":47}},"12":{"start":{"line":28,"column":8},"end":{"line":28,"column":56}},"13":{"start":{"line":31,"column":6},"end":{"line":31,"column":17}},"14":{"start":{"line":35,"column":26},"end":{"line":45,"column":3}},"15":{"start":{"line":36,"column":4},"end":{"line":44,"column":5}},"16":{"start":{"line":37,"column":18},"end":{"line":37,"column":38}},"17":{"start":{"line":39,"column":29},"end":{"line":39,"column":47}},"18":{"start":{"line":41,"column":6},"end":{"line":41,"column":52}},"19":{"start":{"line":43,"column":6},"end":{"line":43,"column":17}},"20":{"start":{"line":47,"column":26},"end":{"line":63,"column":3}},"21":{"start":{"line":48,"column":4},"end":{"line":62,"column":5}},"22":{"start":{"line":49,"column":17},"end":{"line":49,"column":30}},"23":{"start":{"line":51,"column":29},"end":{"line":53,"column":8}},"24":{"start":{"line":55,"column":6},"end":{"line":59,"column":7}},"25":{"start":{"line":56,"column":8},"end":{"line":56,"column":74}},"26":{"start":{"line":58,"column":8},"end":{"line":58,"column":56}},"27":{"start":{"line":61,"column":6},"end":{"line":61,"column":17}},"28":{"start":{"line":65,"column":24},"end":{"line":79,"column":3}},"29":{"start":{"line":66,"column":4},"end":{"line":78,"column":5}},"30":{"start":{"line":67,"column":17},"end":{"line":67,"column":30}},"31":{"start":{"line":69,"column":29},"end":{"line":69,"column":63}},"32":{"start":{"line":71,"column":6},"end":{"line":75,"column":7}},"33":{"start":{"line":72,"column":8},"end":{"line":72,"column":72}},"34":{"start":{"line":74,"column":8},"end":{"line":74,"column":56}},"35":{"start":{"line":77,"column":6},"end":{"line":77,"column":17}},"36":{"start":{"line":81,"column":32},"end":{"line":97,"column":3}},"37":{"start":{"line":82,"column":4},"end":{"line":96,"column":5}},"38":{"start":{"line":83,"column":20},"end":{"line":83,"column":50}},"39":{"start":{"line":85,"column":6},"end":{"line":93,"column":7}},"40":{"start":{"line":86,"column":32},"end":{"line":86,"column":68}},"41":{"start":{"line":88,"column":8},"end":{"line":88,"column":40}},"42":{"start":{"line":90,"column":8},"end":{"line":90,"column":15}},"43":{"start":{"line":92,"column":8},"end":{"line":92,"column":33}},"44":{"start":{"line":95,"column":6},"end":{"line":95,"column":17}},"45":{"start":{"line":101,"column":65},"end":{"line":101,"column":75}},"46":{"start":{"line":102,"column":16},"end":{"line":102,"column":18}},"47":{"start":{"line":104,"column":2},"end":{"line":104,"column":43}},"48":{"start":{"line":104,"column":15},"end":{"line":104,"column":43}},"49":{"start":{"line":105,"column":2},"end":{"line":105,"column":63}},"50":{"start":{"line":105,"column":14},"end":{"line":105,"column":63}},"51":{"start":{"line":107,"column":2},"end":{"line":107,"column":52}},"52":{"start":{"line":107,"column":32},"end":{"line":107,"column":52}},"53":{"start":{"line":109,"column":2},"end":{"line":109,"column":51}},"54":{"start":{"line":109,"column":18},"end":{"line":109,"column":51}},"55":{"start":{"line":110,"column":2},"end":{"line":110,"column":51}},"56":{"start":{"line":110,"column":18},"end":{"line":110,"column":51}},"57":{"start":{"line":112,"column":2},"end":{"line":118,"column":3}},"58":{"start":{"line":113,"column":18},"end":{"line":113,"column":60}},"59":{"start":{"line":115,"column":20},"end":{"line":115,"column":29}},"60":{"start":{"line":117,"column":4},"end":{"line":117,"column":26}},"61":{"start":{"line":120,"column":2},"end":{"line":120,"column":15}}},"fnMap":{"0":{"name":"(anonymous_0)","decl":{"start":{"line":5,"column":24},"end":{"line":5,"column":25}},"loc":{"start":{"line":5,"column":50},"end":{"line":14,"column":3}},"line":5},"1":{"name":"(anonymous_1)","decl":{"start":{"line":16,"column":28},"end":{"line":16,"column":29}},"loc":{"start":{"line":16,"column":54},"end":{"line":33,"column":3}},"line":16},"2":{"name":"(anonymous_2)","decl":{"start":{"line":35,"column":26},"end":{"line":35,"column":27}},"loc":{"start":{"line":35,"column":52},"end":{"line":45,"column":3}},"line":35},"3":{"name":"(anonymous_3)","decl":{"start":{"line":47,"column":26},"end":{"line":47,"column":27}},"loc":{"start":{"line":47,"column":52},"end":{"line":63,"column":3}},"line":47},"4":{"name":"(anonymous_4)","decl":{"start":{"line":65,"column":24},"end":{"line":65,"column":25}},"loc":{"start":{"line":65,"column":50},"end":{"line":79,"column":3}},"line":65},"5":{"name":"(anonymous_5)","decl":{"start":{"line":81,"column":32},"end":{"line":81,"column":33}},"loc":{"start":{"line":81,"column":58},"end":{"line":97,"column":3}},"line":81},"6":{"name":"processoBusca","decl":{"start":{"line":100,"column":15},"end":{"line":100,"column":28}},"loc":{"start":{"line":100,"column":41},"end":{"line":121,"column":1}},"line":100}},"branchMap":{"0":{"loc":{"start":{"line":25,"column":6},"end":{"line":29,"column":7}},"type":"if","locations":[{"start":{"line":25,"column":6},"end":{"line":29,"column":7}},{"start":{"line":27,"column":13},"end":{"line":29,"column":7}}],"line":25},"1":{"loc":{"start":{"line":55,"column":6},"end":{"line":59,"column":7}},"type":"if","locations":[{"start":{"line":55,"column":6},"end":{"line":59,"column":7}},{"start":{"line":57,"column":13},"end":{"line":59,"column":7}}],"line":55},"2":{"loc":{"start":{"line":71,"column":6},"end":{"line":75,"column":7}},"type":"if","locations":[{"start":{"line":71,"column":6},"end":{"line":75,"column":7}},{"start":{"line":73,"column":13},"end":{"line":75,"column":7}}],"line":71},"3":{"loc":{"start":{"line":85,"column":6},"end":{"line":93,"column":7}},"type":"if","locations":[{"start":{"line":85,"column":6},"end":{"line":93,"column":7}},{"start":{"line":91,"column":13},"end":{"line":93,"column":7}}],"line":85},"4":{"loc":{"start":{"line":104,"column":2},"end":{"line":104,"column":43}},"type":"if","locations":[{"start":{"line":104,"column":2},"end":{"line":104,"column":43}},{"start":{},"end":{}}],"line":104},"5":{"loc":{"start":{"line":105,"column":2},"end":{"line":105,"column":63}},"type":"if","locations":[{"start":{"line":105,"column":2},"end":{"line":105,"column":63}},{"start":{},"end":{}}],"line":105},"6":{"loc":{"start":{"line":107,"column":2},"end":{"line":107,"column":52}},"type":"if","locations":[{"start":{"line":107,"column":2},"end":{"line":107,"column":52}},{"start":{},"end":{}}],"line":107},"7":{"loc":{"start":{"line":107,"column":6},"end":{"line":107,"column":30}},"type":"binary-expr","locations":[{"start":{"line":107,"column":6},"end":{"line":107,"column":16}},{"start":{"line":107,"column":20},"end":{"line":107,"column":30}}],"line":107},"8":{"loc":{"start":{"line":109,"column":2},"end":{"line":109,"column":51}},"type":"if","locations":[{"start":{"line":109,"column":2},"end":{"line":109,"column":51}},{"start":{},"end":{}}],"line":109},"9":{"loc":{"start":{"line":110,"column":2},"end":{"line":110,"column":51}},"type":"if","locations":[{"start":{"line":110,"column":2},"end":{"line":110,"column":51}},{"start":{},"end":{}}],"line":110},"10":{"loc":{"start":{"line":112,"column":2},"end":{"line":118,"column":3}},"type":"if","locations":[{"start":{"line":112,"column":2},"end":{"line":118,"column":3}},{"start":{},"end":{}}],"line":112}},"s":{"0":1,"1":1,"2":1,"3":1,"4":1,"5":0,"6":1,"7":0,"8":0,"9":0,"10":0,"11":0,"12":0,"13":0,"14":1,"15":1,"16":1,"17":1,"18":1,"19":0,"20":1,"21":0,"22":0,"23":0,"24":0,"25":0,"26":0,"27":0,"28":1,"29":0,"30":0,"31":0,"32":0,"33":0,"34":0,"35":0,"36":1,"37":0,"38":0,"39":0,"40":0,"41":0,"42":0,"43":0,"44":0,"45":0,"46":0,"47":0,"48":0,"49":0,"50":0,"51":0,"52":0,"53":0,"54":0,"55":0,"56":0,"57":0,"58":0,"59":0,"60":0,"61":0},"f":{"0":1,"1":0,"2":1,"3":0,"4":0,"5":0,"6":0},"b":{"0":[0,0],"1":[0,0],"2":[0,0],"3":[0,0],"4":[0,0],"5":[0,0],"6":[0,0],"7":[0,0],"8":[0,0],"9":[0,0],"10":[0,0]},"_coverageSchema":"1a1c01bbd47fc00a2c39e90264f33305004495a9","hash":"33f27d7dd244ccb62322e257dc08daa8338d9d7e"}
,"C:\\Users\\yatom\\OneDrive\\Área de Trabalho\\Alura-rest\\src\\erros\\ErroBase.js": {"path":"C:\\Users\\yatom\\OneDrive\\Área de Trabalho\\Alura-rest\\src\\erros\\ErroBase.js","statementMap":{"0":{"start":{"line":3,"column":4},"end":{"line":3,"column":12}},"1":{"start":{"line":4,"column":4},"end":{"line":4,"column":28}},"2":{"start":{"line":5,"column":4},"end":{"line":5,"column":25}},"3":{"start":{"line":9,"column":4},"end":{"line":12,"column":7}}},"fnMap":{"0":{"name":"(anonymous_0)","decl":{"start":{"line":2,"column":2},"end":{"line":2,"column":3}},"loc":{"start":{"line":2,"column":67},"end":{"line":6,"column":3}},"line":2},"1":{"name":"(anonymous_1)","decl":{"start":{"line":8,"column":2},"end":{"line":8,"column":3}},"loc":{"start":{"line":8,"column":22},"end":{"line":13,"column":3}},"line":8}},"branchMap":{"0":{"loc":{"start":{"line":2,"column":14},"end":{"line":2,"column":51}},"type":"default-arg","locations":[{"start":{"line":2,"column":25},"end":{"line":2,"column":51}}],"line":2},"1":{"loc":{"start":{"line":2,"column":53},"end":{"line":2,"column":65}},"type":"default-arg","locations":[{"start":{"line":2,"column":62},"end":{"line":2,"column":65}}],"line":2}},"s":{"0":0,"1":0,"2":0,"3":0},"f":{"0":0,"1":0},"b":{"0":[0],"1":[0]},"_coverageSchema":"1a1c01bbd47fc00a2c39e90264f33305004495a9","hash":"7f03f0128812aa1952e9971be9b304624ae7742a"}
,"C:\\Users\\yatom\\OneDrive\\Área de Trabalho\\Alura-rest\\src\\erros\\ErroValidacao.js": {"path":"C:\\Users\\yatom\\OneDrive\\Área de Trabalho\\Alura-rest\\src\\erros\\ErroValidacao.js","statementMap":{"0":{"start":{"line":5,"column":26},"end":{"line":7,"column":17}},"1":{"start":{"line":6,"column":21},"end":{"line":6,"column":33}},"2":{"start":{"line":9,"column":4},"end":{"line":9,"column":68}}},"fnMap":{"0":{"name":"(anonymous_0)","decl":{"start":{"line":4,"column":2},"end":{"line":4,"column":3}},"loc":{"start":{"line":4,"column":20},"end":{"line":10,"column":3}},"line":4},"1":{"name":"(anonymous_1)","decl":{"start":{"line":6,"column":11},"end":{"line":6,"column":12}},"loc":{"start":{"line":6,"column":21},"end":{"line":6,"column":33}},"line":6}},"branchMap":{},"s":{"0":0,"1":0,"2":0},"f":{"0":0,"1":0},"b":{},"_coverageSchema":"1a1c01bbd47fc00a2c39e90264f33305004495a9","hash":"25e46bdddd96ef8e6db88e6805cd5bd91e534b71"}
,"C:\\Users\\yatom\\OneDrive\\Área de Trabalho\\Alura-rest\\src\\erros\\NaoEncontrado.js": {"path":"C:\\Users\\yatom\\OneDrive\\Área de Trabalho\\Alura-rest\\src\\erros\\NaoEncontrado.js","statementMap":{"0":{"start":{"line":5,"column":4},"end":{"line":5,"column":25}}},"fnMap":{"0":{"name":"(anonymous_0)","decl":{"start":{"line":4,"column":2},"end":{"line":4,"column":3}},"loc":{"start":{"line":4,"column":50},"end":{"line":6,"column":3}},"line":4}},"branchMap":{"0":{"loc":{"start":{"line":4,"column":14},"end":{"line":4,"column":48}},"type":"default-arg","locations":[{"start":{"line":4,"column":25},"end":{"line":4,"column":48}}],"line":4}},"s":{"0":0},"f":{"0":0},"b":{"0":[0]},"_coverageSchema":"1a1c01bbd47fc00a2c39e90264f33305004495a9","hash":"fa81e9d6588da5e49b55867ce2f1f314801a5f85"}
,"C:\\Users\\yatom\\OneDrive\\Área de Trabalho\\Alura-rest\\src\\erros\\RequisicaoErro.js": {"path":"C:\\Users\\yatom\\OneDrive\\Área de Trabalho\\Alura-rest\\src\\erros\\RequisicaoErro.js","statementMap":{"0":{"start":{"line":5,"column":4},"end":{"line":5,"column":25}}},"fnMap":{"0":{"name":"(anonymous_0)","decl":{"start":{"line":4,"column":2},"end":{"line":4,"column":3}},"loc":{"start":{"line":4,"column":73},"end":{"line":6,"column":3}},"line":4}},"branchMap":{"0":{"loc":{"start":{"line":4,"column":14},"end":{"line":4,"column":71}},"type":"default-arg","locations":[{"start":{"line":4,"column":25},"end":{"line":4,"column":71}}],"line":4}},"s":{"0":0},"f":{"0":0},"b":{"0":[0]},"_coverageSchema":"1a1c01bbd47fc00a2c39e90264f33305004495a9","hash":"b05574ba0fb217e6ae35579312cbc468e692d45d"}
,"C:\\Users\\yatom\\OneDrive\\Área de Trabalho\\Alura-rest\\src\\middlewares\\manipulador404.js": {"path":"C:\\Users\\yatom\\OneDrive\\Área de Trabalho\\Alura-rest\\src\\middlewares\\manipulador404.js","statementMap":{"0":{"start":{"line":4,"column":18},"end":{"line":4,"column":37}},"1":{"start":{"line":5,"column":2},"end":{"line":5,"column":16}}},"fnMap":{"0":{"name":"Manipulador404","decl":{"start":{"line":3,"column":9},"end":{"line":3,"column":23}},"loc":{"start":{"line":3,"column":40},"end":{"line":6,"column":1}},"line":3}},"branchMap":{},"s":{"0":0,"1":0},"f":{"0":0},"b":{},"_coverageSchema":"1a1c01bbd47fc00a2c39e90264f33305004495a9","hash":"5d933b391bb6ef97de034413e1fb6b243319ca2d"}
,"C:\\Users\\yatom\\OneDrive\\Área de Trabalho\\Alura-rest\\src\\middlewares\\manipuladorDeErros.js": {"path":"C:\\Users\\yatom\\OneDrive\\Área de Trabalho\\Alura-rest\\src\\middlewares\\manipuladorDeErros.js","statementMap":{"0":{"start":{"line":8,"column":2},"end":{"line":16,"column":3}},"1":{"start":{"line":9,"column":4},"end":{"line":9,"column":50}},"2":{"start":{"line":10,"column":9},"end":{"line":16,"column":3}},"3":{"start":{"line":11,"column":4},"end":{"line":11,"column":48}},"4":{"start":{"line":12,"column":9},"end":{"line":16,"column":3}},"5":{"start":{"line":13,"column":4},"end":{"line":13,"column":29}},"6":{"start":{"line":15,"column":4},"end":{"line":15,"column":39}}},"fnMap":{"0":{"name":"manipuladorDeErros","decl":{"start":{"line":7,"column":9},"end":{"line":7,"column":27}},"loc":{"start":{"line":7,"column":50},"end":{"line":17,"column":1}},"line":7}},"branchMap":{"0":{"loc":{"start":{"line":8,"column":2},"end":{"line":16,"column":3}},"type":"if","locations":[{"start":{"line":8,"column":2},"end":{"line":16,"column":3}},{"start":{"line":10,"column":9},"end":{"line":16,"column":3}}],"line":8},"1":{"loc":{"start":{"line":10,"column":9},"end":{"line":16,"column":3}},"type":"if","locations":[{"start":{"line":10,"column":9},"end":{"line":16,"column":3}},{"start":{"line":12,"column":9},"end":{"line":16,"column":3}}],"line":10},"2":{"loc":{"start":{"line":12,"column":9},"end":{"line":16,"column":3}},"type":"if","locations":[{"start":{"line":12,"column":9},"end":{"line":16,"column":3}},{"start":{"line":14,"column":9},"end":{"line":16,"column":3}}],"line":12}},"s":{"0":0,"1":0,"2":0,"3":0,"4":0,"5":0,"6":0},"f":{"0":0},"b":{"0":[0,0],"1":[0,0],"2":[0,0]},"_coverageSchema":"1a1c01bbd47fc00a2c39e90264f33305004495a9","hash":"a0a78de571631cb140ff0d0b049cfd87ae9de88d"}
,"C:\\Users\\yatom\\OneDrive\\Área de Trabalho\\Alura-rest\\src\\middlewares\\paginar.js": {"path":"C:\\Users\\yatom\\OneDrive\\Área de Trabalho\\Alura-rest\\src\\middlewares\\paginar.js","statementMap":{"0":{"start":{"line":4,"column":2},"end":{"line":29,"column":3}},"1":{"start":{"line":5,"column":59},"end":{"line":5,"column":68}},"2":{"start":{"line":7,"column":34},"end":{"line":7,"column":54}},"3":{"start":{"line":9,"column":4},"end":{"line":9,"column":30}},"4":{"start":{"line":10,"column":4},"end":{"line":10,"column":30}},"5":{"start":{"line":11,"column":4},"end":{"line":11,"column":28}},"6":{"start":{"line":13,"column":22},"end":{"line":13,"column":35}},"7":{"start":{"line":15,"column":4},"end":{"line":26,"column":5}},"8":{"start":{"line":16,"column":33},"end":{"line":21,"column":15}},"9":{"start":{"line":23,"column":6},"end":{"line":23,"column":47}},"10":{"start":{"line":25,"column":6},"end":{"line":25,"column":38}},"11":{"start":{"line":28,"column":4},"end":{"line":28,"column":15}}},"fnMap":{"0":{"name":"paginar","decl":{"start":{"line":3,"column":15},"end":{"line":3,"column":22}},"loc":{"start":{"line":3,"column":39},"end":{"line":30,"column":1}},"line":3}},"branchMap":{"0":{"loc":{"start":{"line":5,"column":10},"end":{"line":5,"column":20}},"type":"default-arg","locations":[{"start":{"line":5,"column":19},"end":{"line":5,"column":20}}],"line":5},"1":{"loc":{"start":{"line":5,"column":22},"end":{"line":5,"column":32}},"type":"default-arg","locations":[{"start":{"line":5,"column":31},"end":{"line":5,"column":32}}],"line":5},"2":{"loc":{"start":{"line":5,"column":34},"end":{"line":5,"column":54}},"type":"default-arg","locations":[{"start":{"line":5,"column":46},"end":{"line":5,"column":54}}],"line":5},"3":{"loc":{"start":{"line":15,"column":4},"end":{"line":26,"column":5}},"type":"if","locations":[{"start":{"line":15,"column":4},"end":{"line":26,"column":5}},{"start":{"line":24,"column":11},"end":{"line":26,"column":5}}],"line":15},"4":{"loc":{"start":{"line":15,"column":8},"end":{"line":15,"column":32}},"type":"binary-expr","locations":[{"start":{"line":15,"column":8},"end":{"line":15,"column":18}},{"start":{"line":15,"column":22},"end":{"line":15,"column":32}}],"line":15}},"s":{"0":2,"1":2,"2":2,"3":2,"4":2,"5":2,"6":2,"7":2,"8":2,"9":2,"10":0,"11":0},"f":{"0":2},"b":{"0":[2],"1":[2],"2":[2],"3":[2,0],"4":[2,2]},"_coverageSchema":"1a1c01bbd47fc00a2c39e90264f33305004495a9","hash":"5532b2fc01fd033aa40837b81f95a995793e7944"}
,"C:\\Users\\yatom\\OneDrive\\Área de Trabalho\\Alura-rest\\src\\models\\Autor.js": {"path":"C:\\Users\\yatom\\OneDrive\\Área de Trabalho\\Alura-rest\\src\\models\\Autor.js","statementMap":{"0":{"start":{"line":3,"column":20},"end":{"line":19,"column":1}},"1":{"start":{"line":21,"column":16},"end":{"line":21,"column":54}}},"fnMap":{},"branchMap":{},"s":{"0":2,"1":2},"f":{},"b":{},"_coverageSchema":"1a1c01bbd47fc00a2c39e90264f33305004495a9","hash":"3799248a15e2e8b37c0939d6e3dacce3b9258c20"}
,"C:\\Users\\yatom\\OneDrive\\Área de Trabalho\\Alura-rest\\src\\models\\Livro.js": {"path":"C:\\Users\\yatom\\OneDrive\\Área de Trabalho\\Alura-rest\\src\\models\\Livro.js","statementMap":{"0":{"start":{"line":3,"column":20},"end":{"line":22,"column":2}},"1":{"start":{"line":16,"column":8},"end":{"line":16,"column":44}},"2":{"start":{"line":24,"column":15},"end":{"line":24,"column":52}}},"fnMap":{"0":{"name":"(anonymous_0)","decl":{"start":{"line":15,"column":17},"end":{"line":15,"column":18}},"loc":{"start":{"line":15,"column":28},"end":{"line":17,"column":7}},"line":15}},"branchMap":{"0":{"loc":{"start":{"line":16,"column":15},"end":{"line":16,"column":43}},"type":"binary-expr","locations":[{"start":{"line":16,"column":15},"end":{"line":16,"column":26}},{"start":{"line":16,"column":30},"end":{"line":16,"column":43}}],"line":16}},"s":{"0":2,"1":5,"2":2},"f":{"0":5},"b":{"0":[5,4]},"_coverageSchema":"1a1c01bbd47fc00a2c39e90264f33305004495a9","hash":"f6627a8d0f61d11837e78443d293495e969f3c81"}
,"C:\\Users\\yatom\\OneDrive\\Área de Trabalho\\Alura-rest\\src\\models\\index.js": {"path":"C:\\Users\\yatom\\OneDrive\\Área de Trabalho\\Alura-rest\\src\\models\\index.js","statementMap":{},"fnMap":{},"branchMap":{},"s":{},"f":{},"b":{},"_coverageSchema":"1a1c01bbd47fc00a2c39e90264f33305004495a9","hash":"ecb852e2540abfeb2041033bf88ef75d4f4bef7f"}
,"C:\\Users\\yatom\\OneDrive\\Área de Trabalho\\Alura-rest\\src\\models\\validadorGlobal.js": {"path":"C:\\Users\\yatom\\OneDrive\\Área de Trabalho\\Alura-rest\\src\\models\\validadorGlobal.js","statementMap":{"0":{"start":{"line":3,"column":0},"end":{"line":6,"column":3}},"1":{"start":{"line":4,"column":24},"end":{"line":4,"column":36}},"2":{"start":{"line":5,"column":25},"end":{"line":5,"column":66}}},"fnMap":{"0":{"name":"(anonymous_0)","decl":{"start":{"line":4,"column":13},"end":{"line":4,"column":14}},"loc":{"start":{"line":4,"column":24},"end":{"line":4,"column":36}},"line":4},"1":{"name":"(anonymous_1)","decl":{"start":{"line":5,"column":11},"end":{"line":5,"column":12}},"loc":{"start":{"line":5,"column":25},"end":{"line":5,"column":66}},"line":5}},"branchMap":{},"s":{"0":1,"1":0,"2":0},"f":{"0":0,"1":0},"b":{},"_coverageSchema":"1a1c01bbd47fc00a2c39e90264f33305004495a9","hash":"a253451fbeb702688bb1f7c62b9e3610833f689c"}
,"C:\\Users\\yatom\\OneDrive\\Área de Trabalho\\Alura-rest\\src\\routes\\autoresRoutes.js": {"path":"C:\\Users\\yatom\\OneDrive\\Área de Trabalho\\Alura-rest\\src\\routes\\autoresRoutes.js","statementMap":{"0":{"start":{"line":5,"column":15},"end":{"line":5,"column":31}},"1":{"start":{"line":7,"column":0},"end":{"line":12,"column":58}}},"fnMap":{},"branchMap":{},"s":{"0":1,"1":1},"f":{},"b":{},"_coverageSchema":"1a1c01bbd47fc00a2c39e90264f33305004495a9","hash":"fa90cfa7a1958db3151bfbea0b3a935b2bfc83af"}
,"C:\\Users\\yatom\\OneDrive\\Área de Trabalho\\Alura-rest\\src\\routes\\index.js": {"path":"C:\\Users\\yatom\\OneDrive\\Área de Trabalho\\Alura-rest\\src\\routes\\index.js","statementMap":{"0":{"start":{"line":6,"column":15},"end":{"line":12,"column":1}},"1":{"start":{"line":7,"column":2},"end":{"line":9,"column":5}},"2":{"start":{"line":8,"column":4},"end":{"line":8,"column":54}},"3":{"start":{"line":11,"column":2},"end":{"line":11,"column":43}}},"fnMap":{"0":{"name":"(anonymous_0)","decl":{"start":{"line":6,"column":15},"end":{"line":6,"column":16}},"loc":{"start":{"line":6,"column":24},"end":{"line":12,"column":1}},"line":6},"1":{"name":"(anonymous_1)","decl":{"start":{"line":7,"column":21},"end":{"line":7,"column":22}},"loc":{"start":{"line":7,"column":35},"end":{"line":9,"column":3}},"line":7}},"branchMap":{},"s":{"0":1,"1":1,"2":0,"3":1},"f":{"0":1,"1":0},"b":{},"_coverageSchema":"1a1c01bbd47fc00a2c39e90264f33305004495a9","hash":"65b55f03dc9f7da9de5b6f2a516b6d3af214f8fc"}
,"C:\\Users\\yatom\\OneDrive\\Área de Trabalho\\Alura-rest\\src\\routes\\livroRoutes.js": {"path":"C:\\Users\\yatom\\OneDrive\\Área de Trabalho\\Alura-rest\\src\\routes\\livroRoutes.js","statementMap":{"0":{"start":{"line":5,"column":15},"end":{"line":5,"column":31}},"1":{"start":{"line":7,"column":0},"end":{"line":13,"column":55}}},"fnMap":{},"branchMap":{},"s":{"0":1,"1":1},"f":{},"b":{},"_coverageSchema":"1a1c01bbd47fc00a2c39e90264f33305004495a9","hash":"77fe65e55185f349c5087348a2a0bebe6498f537"}
}
